<?xml version="1.0" encoding="UTF-8"?>
<!-- Generated by org.testng.reporters.JUnitReportReporter -->
<testsuite hostname="DESKTOP-1QVUE72" failures="0" tests="1" name="com.aseelapp.testCases.TC_LoginTest_001" time="2.129" errors="0" timestamp="2022-11-26T18:01:05 CET" skipped="0">
  <testcase classname="com.aseelapp.testCases.TC_LoginTest_001" name="loginTest" time="2.129"/>
  <system-out/>
</testsuite> <!-- com.aseelapp.testCases.TC_LoginTest_001 -->
