<?xml version="1.0" encoding="UTF-8"?>
<!-- Generated by org.testng.reporters.JUnitReportReporter -->
<testsuite skipped="0" hostname="BELATRA1" name="com.inetbanking.testCases.TC_LoginTest_001" tests="1" failures="0" timestamp="28 Oct 2022 20:06:05 GMT" time="4.755" errors="0">
  <testcase name="loginTest" time="4.755" classname="com.inetbanking.testCases.TC_LoginTest_001"/>
</testsuite> <!-- com.inetbanking.testCases.TC_LoginTest_001 -->
